[0.013s] Invoking command in '/home/gaurav/Desktop/ROS/ros2_ws/build/int_add': /usr/bin/cmake --build /home/gaurav/Desktop/ROS/ros2_ws/build/int_add -- -j8 -l8
[0.039s] -- Found ament_cmake: 1.3.9 (/opt/ros/humble/share/ament_cmake/cmake)
[0.159s] -- Found rclcpp: 16.0.9 (/opt/ros/humble/share/rclcpp/cmake)
[0.191s] -- Found rosidl_generator_c: 3.1.5 (/opt/ros/humble/share/rosidl_generator_c/cmake)
[0.194s] -- Found rosidl_adapter: 3.1.5 (/opt/ros/humble/share/rosidl_adapter/cmake)
[0.200s] -- Found rosidl_generator_cpp: 3.1.5 (/opt/ros/humble/share/rosidl_generator_cpp/cmake)
[0.211s] -- Using all available rosidl_typesupport_c: rosidl_typesupport_fastrtps_c;rosidl_typesupport_introspection_c
[0.225s] -- Using all available rosidl_typesupport_cpp: rosidl_typesupport_fastrtps_cpp;rosidl_typesupport_introspection_cpp
[0.275s] -- Found rmw_implementation_cmake: 6.1.2 (/opt/ros/humble/share/rmw_implementation_cmake/cmake)
[0.277s] -- Found rmw_fastrtps_cpp: 6.2.6 (/opt/ros/humble/share/rmw_fastrtps_cpp/cmake)
[0.377s] -- Using RMW implementation 'rmw_fastrtps_cpp' as default
[0.503s] -- Found rclpy: 3.3.13 (/opt/ros/humble/share/rclpy/cmake)
[0.503s] -- Found ament_lint_auto: 0.12.11 (/opt/ros/humble/share/ament_lint_auto/cmake)
[0.547s] Error parsing '/home/gaurav/Desktop/ROS/ros2_ws/src/int_add/package.xml':
[0.580s] Traceback (most recent call last):
[0.580s]   File "/opt/ros/humble/share/ament_cmake_core/cmake/core/package_xml_2_cmake.py", line 150, in <module>
[0.580s]     main()
[0.580s]   File "/opt/ros/humble/share/ament_cmake_core/cmake/core/package_xml_2_cmake.py", line 53, in main
[0.580s]     raise e
[0.581s]   File "/opt/ros/humble/share/ament_cmake_core/cmake/core/package_xml_2_cmake.py", line 49, in main
[0.581s]     package = parse_package_string(
[0.581s]   File "/usr/lib/python3/dist-packages/catkin_pkg/package.py", line 788, in parse_package_string
[0.581s]     pkg.validate(warnings=warnings)
[0.581s]   File "/usr/lib/python3/dist-packages/catkin_pkg/package.py", line 330, in validate
[0.581s]     raise InvalidPackage('\n'.join(errors), self.filename)
[0.581s] catkin_pkg.package.InvalidPackage: Error(s) in package '/home/gaurav/Desktop/ROS/ros2_ws/src/int_add/package.xml':
[0.581s] The package "int_add" must not "exec_depend" on a package with the same name as this package
[0.593s] [31mCMake Error at /opt/ros/humble/share/ament_cmake_core/cmake/core/ament_package_xml.cmake:95 (message):
[0.593s]   execute_process(/usr/bin/python3
[0.594s]   /opt/ros/humble/share/ament_cmake_core/cmake/core/package_xml_2_cmake.py
[0.594s]   /home/gaurav/Desktop/ROS/ros2_ws/src/int_add/package.xml
[0.594s]   /home/gaurav/Desktop/ROS/ros2_ws/build/int_add/ament_cmake_core/package.cmake)
[0.594s]   returned error code 1
[0.594s] Call Stack (most recent call first):
[0.594s]   /opt/ros/humble/share/ament_cmake_core/cmake/core/ament_package_xml.cmake:49 (_ament_package_xml)
[0.594s]   /opt/ros/humble/share/ament_lint_auto/cmake/ament_lint_auto_find_test_dependencies.cmake:31 (ament_package_xml)
[0.594s]   CMakeLists.txt:32 (ament_lint_auto_find_test_dependencies)
[0.594s] 
[0.594s] [0m
[0.594s] -- Configuring incomplete, errors occurred!
[0.594s] See also "/home/gaurav/Desktop/ROS/ros2_ws/build/int_add/CMakeFiles/CMakeOutput.log".
[0.600s] gmake: *** [Makefile:226: cmake_check_build_system] Error 1
[0.602s] Invoked command in '/home/gaurav/Desktop/ROS/ros2_ws/build/int_add' returned '2': /usr/bin/cmake --build /home/gaurav/Desktop/ROS/ros2_ws/build/int_add -- -j8 -l8
